<?xml version="1.0" encoding="UTF-8"?>
<beans xmlns="http://www.springframework.org/schema/beans"
       xmlns:jdbc="http://www.springframework.org/schema/jdbc"
       xmlns:jpa="http://www.springframework.org/schema/data/jpa"
       xmlns:p="http://www.springframework.org/schema/p"
       xmlns:tx="http://www.springframework.org/schema/tx"
       xmlns:context="http://www.springframework.org/schema/context"
       xmlns:redis="http://www.springframework.org/schema/redis"
       xmlns:xsi="http://www.w3.org/2001/XMLSchema-instance"
       xsi:schemaLocation="http://www.springframework.org/schema/jdbc http://www.springframework.org/schema/jdbc/spring-jdbc-3.2.xsd
	http://www.springframework.org/schema/tx http://www.springframework.org/schema/tx/spring-tx-3.2.xsd  
	http://www.springframework.org/schema/data/jpa http://www.springframework.org/schema/data/jpa/spring-jpa.xsd 
	http://www.springframework.org/schema/beans http://www.springframework.org/schema/beans/spring-beans-3.2.xsd
    http://www.springframework.org/schema/context http://www.springframework.org/schema/context/spring-context-3.2.xsd">

	<jdbc:embedded-database id="dataSource" type="H2"/>

	<!-- <context:load-time-weaver/> -->

	<bean id="entityManagerFactory"
		class="org.springframework.orm.jpa.LocalContainerEntityManagerFactoryBean">
		<property name="dataSource" ref="dataSource" />
		<property name="packagesToScan" value="com.ht.scada.**.entity"/>
		<property name="jpaVendorAdapter">
			<bean class="org.springframework.orm.jpa.vendor.HibernateJpaVendorAdapter">
				<property name="showSql" value="false" />
				<property name="generateDdl" value="true" />
				<property name="database" value="H2" />
			</bean>
		</property>
		<property name="persistenceXmlLocation" value="classpath*:META-INF/test-persistence.xml"/>
		<property name="persistenceUnitName" value="primary" />
		<property name="jpaProperties">
			<props>
				<prop key="hibernate.hbm2ddl.auto">update</prop>
				<!--<prop key="hibernate.show_sql">true</prop>-->
				<prop key="hibernate.format_sql">true</prop>
				<prop key="javax.persistence.validation.mode">none</prop>
			</props>
		</property>
	</bean>

	<context:annotation-config />
	<context:component-scan base-package="com.ht.scada.**.service.impl" />

	<jpa:repositories base-package="com.ht.scada.**.dao" />

	<!-- 用于指定一些高级特性 -->
	<bean id="jpaDialect" class="org.springframework.orm.jpa.vendor.HibernateJpaDialect" />

	<!-- TX Manager -->
	<bean id="transactionManager" class="org.springframework.orm.jpa.JpaTransactionManager">
		<property name="entityManagerFactory" ref="entityManagerFactory" />
	</bean>
	<tx:annotation-driven transaction-manager="transactionManager" />


    <bean id="connectionFactory" class="org.springframework.data.redis.connection.jedis.JedisConnectionFactory"
          p:hostName="192.168.1.3" p:port="6379" p:password=""/>
    <!-- Configurer that replaces ${...} placeholders with values from a properties file -->
    <!--<context:property-placeholder location="classpath*:/redis.properties"/>-->

    <bean id="redisTemplate" class="org.springframework.data.redis.core.StringRedisTemplate"
          p:connectionFactory-ref="connectionFactory"/>

    <!--<redis:listener-container connection-factory="connectionFactory">-->
        <!--&lt;!&ndash; the method attribute can be skipped as the default method name is "handleMessage" &ndash;&gt;-->
        <!--<redis:listener ref="alarmListener" method="handleFaultMessage" topic="FaultChannel" />-->
        <!--<redis:listener ref="alarmListener" method="handleOffLimitsMessage" topic="OffLimitsChannel" />-->
        <!--<redis:listener ref="alarmListener" method="handleYxChangeMessage" topic="YxChangeChannel" />-->
    <!--</redis:listener-container>-->

    <bean id="alarmListener" class="com.ht.scada.data.RealtimeDataMessageDelegate"/>
</beans>
